Fri Oct  2 18:01:46 BST 2020
Thu Oct  8 09:01:00 BST 2020
Thu Oct  8 09:57:28 BST 2020
Thu Oct  8 10:34:26 BST 2020
Sun Oct 11 13:11:16 BST 2020
Mon Oct 12 16:38:36 BST 2020
Tue Oct 13 12:05:05 BST 2020
Wed Oct 14 09:44:27 BST 2020
Wed Oct 14 12:03:35 BST 2020
Fri Oct 16 13:46:31 BST 2020
Sun Oct 18 17:42:54 BST 2020
Mon Oct 19 15:51:27 BST 2020
Tue Oct 20 15:49:13 BST 2020
Mon Oct 26 16:11:14 GMT 2020
Wed Oct 28 08:03:40 GMT 2020
Wed Oct 28 16:28:38 GMT 2020
Thu Oct 29 11:17:07 GMT 2020
Fri Oct 30 16:43:25 GMT 2020
Sat Nov  7 11:50:24 GMT 2020
Fri Nov 13 16:59:41 GMT 2020
Sat Nov 14 16:45:10 GMT 2020
Sun Nov 15 09:14:52 GMT 2020
Sat Nov 21 01:46:22 GMT 2020
Sat Nov 21 15:09:41 GMT 2020
Tue Nov 24 08:31:48 GMT 2020
Thu Nov 26 15:19:17 GMT 2020
Fri Nov 27 18:10:49 GMT 2020
Tue Dec  1 09:47:05 GMT 2020
Wed Dec  9 13:45:55 GMT 2020
